2025-08-07 15:01:50 [::1][-][-][error][yii\web\HttpException:404] yii\base\InvalidRouteException: Unable to resolve the request "". in C:\xampp\htdocs\skinatechprueba\yii2-api\vendor\yiisoft\yii2\base\Module.php:564
Stack trace:
#0 C:\xampp\htdocs\skinatechprueba\yii2-api\vendor\yiisoft\yii2\web\Application.php(103): yii\base\Module->runAction('', Array)
#1 C:\xampp\htdocs\skinatechprueba\yii2-api\vendor\yiisoft\yii2\base\Application.php(387): yii\web\Application->handleRequest(Object(yii\web\Request))
#2 C:\xampp\htdocs\skinatechprueba\yii2-api\web\index.php(12): yii\base\Application->run()
#3 {main}

Next yii\web\NotFoundHttpException: Page not found. in C:\xampp\htdocs\skinatechprueba\yii2-api\vendor\yiisoft\yii2\web\Application.php:115
Stack trace:
#0 C:\xampp\htdocs\skinatechprueba\yii2-api\vendor\yiisoft\yii2\base\Application.php(387): yii\web\Application->handleRequest(Object(yii\web\Request))
#1 C:\xampp\htdocs\skinatechprueba\yii2-api\web\index.php(12): yii\base\Application->run()
#2 {main}
2025-08-07 15:01:49 [::1][-][-][info][application] $_GET = []

$_POST = []

$_FILES = []

$_COOKIE = [
    'PHPSESSID' => 'j07c9jn55115u501uabcno9u25'
]

$_SERVER = [
    'DOCUMENT_ROOT' => 'C:\\xampp\\htdocs\\skinatechprueba\\yii2-api\\web'
    'REMOTE_ADDR' => '::1'
    'REMOTE_PORT' => '59884'
    'SERVER_SOFTWARE' => 'PHP 8.2.12 Development Server'
    'SERVER_PROTOCOL' => 'HTTP/1.1'
    'SERVER_NAME' => 'localhost'
    'SERVER_PORT' => '8080'
    'REQUEST_URI' => '/'
    'REQUEST_METHOD' => 'GET'
    'SCRIPT_NAME' => '/index.php'
    'SCRIPT_FILENAME' => 'C:\\xampp\\htdocs\\skinatechprueba\\yii2-api\\web\\index.php'
    'PHP_SELF' => '/index.php'
    'HTTP_HOST' => 'localhost:8080'
    'HTTP_CONNECTION' => 'keep-alive'
    'HTTP_SEC_CH_UA' => '\"Not)A;Brand\";v=\"8\", \"Chromium\";v=\"138\", \"Brave\";v=\"138\"'
    'HTTP_SEC_CH_UA_MOBILE' => '?0'
    'HTTP_SEC_CH_UA_PLATFORM' => '\"Windows\"'
    'HTTP_UPGRADE_INSECURE_REQUESTS' => '1'
    'HTTP_USER_AGENT' => 'Mozilla/5.0 (Windows NT 10.0; Win64; x64) AppleWebKit/537.36 (KHTML, like Gecko) Chrome/138.0.0.0 Safari/537.36'
    'HTTP_ACCEPT' => 'text/html,application/xhtml+xml,application/xml;q=0.9,image/avif,image/webp,image/apng,*/*;q=0.8'
    'HTTP_SEC_GPC' => '1'
    'HTTP_ACCEPT_LANGUAGE' => 'es-419,es;q=0.8'
    'HTTP_SEC_FETCH_SITE' => 'none'
    'HTTP_SEC_FETCH_MODE' => 'navigate'
    'HTTP_SEC_FETCH_USER' => '?1'
    'HTTP_SEC_FETCH_DEST' => 'document'
    'HTTP_ACCEPT_ENCODING' => 'gzip, deflate, br, zstd'
    'HTTP_COOKIE' => 'PHPSESSID=j07c9jn55115u501uabcno9u25'
    'REQUEST_TIME_FLOAT' => 1754571709.6852
    'REQUEST_TIME' => 1754571709
]
2025-08-07 15:02:14 [::1][-][-][error][yii\db\Exception] PDOException: SQLSTATE[HY000] [1045] Access denied for user 'usuario46'@'localhost' (using password: YES) in C:\xampp\htdocs\skinatechprueba\yii2-api\vendor\yiisoft\yii2\db\Connection.php:722
Stack trace:
#0 C:\xampp\htdocs\skinatechprueba\yii2-api\vendor\yiisoft\yii2\db\Connection.php(722): PDO->__construct('mysql:host=loca...', 'usuario46', Object(SensitiveParameterValue), NULL)
#1 C:\xampp\htdocs\skinatechprueba\yii2-api\vendor\yiisoft\yii2\db\Connection.php(637): yii\db\Connection->createPdoInstance()
#2 C:\xampp\htdocs\skinatechprueba\yii2-api\vendor\yiisoft\yii2\db\Connection.php(1067): yii\db\Connection->open()
#3 C:\xampp\htdocs\skinatechprueba\yii2-api\vendor\yiisoft\yii2\db\Connection.php(1054): yii\db\Connection->getMasterPdo()
#4 C:\xampp\htdocs\skinatechprueba\yii2-api\vendor\yiisoft\yii2\db\Command.php(261): yii\db\Connection->getSlavePdo(true)
#5 C:\xampp\htdocs\skinatechprueba\yii2-api\vendor\yiisoft\yii2\db\Command.php(1181): yii\db\Command->prepare(true)
#6 C:\xampp\htdocs\skinatechprueba\yii2-api\vendor\yiisoft\yii2\db\Command.php(417): yii\db\Command->queryInternal('fetchAll', NULL)
#7 C:\xampp\htdocs\skinatechprueba\yii2-api\vendor\yiisoft\yii2\db\mysql\Schema.php(366): yii\db\Command->queryAll()
#8 C:\xampp\htdocs\skinatechprueba\yii2-api\vendor\yiisoft\yii2\db\mysql\Schema.php(134): yii\db\mysql\Schema->findColumns(Object(yii\db\TableSchema))
#9 C:\xampp\htdocs\skinatechprueba\yii2-api\vendor\yiisoft\yii2\db\Schema.php(756): yii\db\mysql\Schema->loadTableSchema('usuario')
#10 C:\xampp\htdocs\skinatechprueba\yii2-api\vendor\yiisoft\yii2\db\Schema.php(192): yii\db\Schema->getTableMetadata('usuario', 'schema', false)
#11 C:\xampp\htdocs\skinatechprueba\yii2-api\vendor\yiisoft\yii2\db\ActiveRecord.php(445): yii\db\Schema->getTableSchema('usuario')
#12 C:\xampp\htdocs\skinatechprueba\yii2-api\vendor\yiisoft\yii2\db\ActiveRecord.php(269): yii\db\ActiveRecord::getTableSchema()
#13 C:\xampp\htdocs\skinatechprueba\yii2-api\vendor\yiisoft\yii2\db\ActiveRecord.php(241): yii\db\ActiveRecord::filterValidColumnNames(Object(yii\db\Connection), Array)
#14 C:\xampp\htdocs\skinatechprueba\yii2-api\vendor\yiisoft\yii2\db\ActiveRecord.php(198): yii\db\ActiveRecord::filterCondition(Array, Array)
#15 C:\xampp\htdocs\skinatechprueba\yii2-api\vendor\yiisoft\yii2\db\BaseActiveRecord.php(110): yii\db\ActiveRecord::findByCondition(Array)
#16 C:\xampp\htdocs\skinatechprueba\yii2-api\controllers\LoginController.php(24): yii\db\BaseActiveRecord::findOne(Array)
#17 [internal function]: app\controllers\LoginController->actionIndex()
#18 C:\xampp\htdocs\skinatechprueba\yii2-api\vendor\yiisoft\yii2\base\InlineAction.php(60): call_user_func_array(Array, Array)
#19 C:\xampp\htdocs\skinatechprueba\yii2-api\vendor\yiisoft\yii2\base\Controller.php(184): yii\base\InlineAction->runWithParams(Array)
#20 C:\xampp\htdocs\skinatechprueba\yii2-api\vendor\yiisoft\yii2\base\Module.php(555): yii\base\Controller->runAction('', Array)
#21 C:\xampp\htdocs\skinatechprueba\yii2-api\vendor\yiisoft\yii2\web\Application.php(103): yii\base\Module->runAction('login', Array)
#22 C:\xampp\htdocs\skinatechprueba\yii2-api\vendor\yiisoft\yii2\base\Application.php(387): yii\web\Application->handleRequest(Object(yii\web\Request))
#23 C:\xampp\htdocs\skinatechprueba\yii2-api\web\index.php(12): yii\base\Application->run()
#24 {main}

Next yii\db\Exception: SQLSTATE[HY000] [1045] Access denied for user 'usuario46'@'localhost' (using password: YES) in C:\xampp\htdocs\skinatechprueba\yii2-api\vendor\yiisoft\yii2\db\Connection.php:648
Stack trace:
#0 C:\xampp\htdocs\skinatechprueba\yii2-api\vendor\yiisoft\yii2\db\Connection.php(1067): yii\db\Connection->open()
#1 C:\xampp\htdocs\skinatechprueba\yii2-api\vendor\yiisoft\yii2\db\Connection.php(1054): yii\db\Connection->getMasterPdo()
#2 C:\xampp\htdocs\skinatechprueba\yii2-api\vendor\yiisoft\yii2\db\Command.php(261): yii\db\Connection->getSlavePdo(true)
#3 C:\xampp\htdocs\skinatechprueba\yii2-api\vendor\yiisoft\yii2\db\Command.php(1181): yii\db\Command->prepare(true)
#4 C:\xampp\htdocs\skinatechprueba\yii2-api\vendor\yiisoft\yii2\db\Command.php(417): yii\db\Command->queryInternal('fetchAll', NULL)
#5 C:\xampp\htdocs\skinatechprueba\yii2-api\vendor\yiisoft\yii2\db\mysql\Schema.php(366): yii\db\Command->queryAll()
#6 C:\xampp\htdocs\skinatechprueba\yii2-api\vendor\yiisoft\yii2\db\mysql\Schema.php(134): yii\db\mysql\Schema->findColumns(Object(yii\db\TableSchema))
#7 C:\xampp\htdocs\skinatechprueba\yii2-api\vendor\yiisoft\yii2\db\Schema.php(756): yii\db\mysql\Schema->loadTableSchema('usuario')
#8 C:\xampp\htdocs\skinatechprueba\yii2-api\vendor\yiisoft\yii2\db\Schema.php(192): yii\db\Schema->getTableMetadata('usuario', 'schema', false)
#9 C:\xampp\htdocs\skinatechprueba\yii2-api\vendor\yiisoft\yii2\db\ActiveRecord.php(445): yii\db\Schema->getTableSchema('usuario')
#10 C:\xampp\htdocs\skinatechprueba\yii2-api\vendor\yiisoft\yii2\db\ActiveRecord.php(269): yii\db\ActiveRecord::getTableSchema()
#11 C:\xampp\htdocs\skinatechprueba\yii2-api\vendor\yiisoft\yii2\db\ActiveRecord.php(241): yii\db\ActiveRecord::filterValidColumnNames(Object(yii\db\Connection), Array)
#12 C:\xampp\htdocs\skinatechprueba\yii2-api\vendor\yiisoft\yii2\db\ActiveRecord.php(198): yii\db\ActiveRecord::filterCondition(Array, Array)
#13 C:\xampp\htdocs\skinatechprueba\yii2-api\vendor\yiisoft\yii2\db\BaseActiveRecord.php(110): yii\db\ActiveRecord::findByCondition(Array)
#14 C:\xampp\htdocs\skinatechprueba\yii2-api\controllers\LoginController.php(24): yii\db\BaseActiveRecord::findOne(Array)
#15 [internal function]: app\controllers\LoginController->actionIndex()
#16 C:\xampp\htdocs\skinatechprueba\yii2-api\vendor\yiisoft\yii2\base\InlineAction.php(60): call_user_func_array(Array, Array)
#17 C:\xampp\htdocs\skinatechprueba\yii2-api\vendor\yiisoft\yii2\base\Controller.php(184): yii\base\InlineAction->runWithParams(Array)
#18 C:\xampp\htdocs\skinatechprueba\yii2-api\vendor\yiisoft\yii2\base\Module.php(555): yii\base\Controller->runAction('', Array)
#19 C:\xampp\htdocs\skinatechprueba\yii2-api\vendor\yiisoft\yii2\web\Application.php(103): yii\base\Module->runAction('login', Array)
#20 C:\xampp\htdocs\skinatechprueba\yii2-api\vendor\yiisoft\yii2\base\Application.php(387): yii\web\Application->handleRequest(Object(yii\web\Request))
#21 C:\xampp\htdocs\skinatechprueba\yii2-api\web\index.php(12): yii\base\Application->run()
#22 {main}
Additional Information:
Array
(
    [0] => HY000
    [1] => 1045
    [2] => Access denied for user 'usuario46'@'localhost' (using password: YES)
)

2025-08-07 15:02:12 [::1][-][-][info][application] $_GET = []

$_POST = []

$_FILES = []

$_COOKIE = []

$_SERVER = [
    'REDIRECT_MIBDIRS' => 'C:/xampp/php/extras/mibs'
    'REDIRECT_MYSQL_HOME' => '\\xampp\\mysql\\bin'
    'REDIRECT_OPENSSL_CONF' => 'C:/xampp/apache/bin/openssl.cnf'
    'REDIRECT_PHP_PEAR_SYSCONF_DIR' => '\\xampp\\php'
    'REDIRECT_PHPRC' => '\\xampp\\php'
    'REDIRECT_TMP' => '\\xampp\\tmp'
    'REDIRECT_STATUS' => '200'
    'MIBDIRS' => 'C:/xampp/php/extras/mibs'
    'MYSQL_HOME' => '\\xampp\\mysql\\bin'
    'OPENSSL_CONF' => 'C:/xampp/apache/bin/openssl.cnf'
    'PHP_PEAR_SYSCONF_DIR' => '\\xampp\\php'
    'PHPRC' => '\\xampp\\php'
    'TMP' => '\\xampp\\tmp'
    'CONTENT_TYPE' => 'application/json'
    'HTTP_USER_AGENT' => 'PostmanRuntime/7.45.0'
    'HTTP_ACCEPT' => '*/*'
    'HTTP_POSTMAN_TOKEN' => '973ab2a9-bdb0-471c-88c0-877a5c910348'
    'HTTP_HOST' => 'localhost'
    'HTTP_ACCEPT_ENCODING' => 'gzip, deflate, br'
    'HTTP_CONNECTION' => 'keep-alive'
    'CONTENT_LENGTH' => '56'
    'PATH' => 'C:\\Program Files (x86)\\Common Files\\Oracle\\Java\\java8path;C:\\Program Files (x86)\\Common Files\\Oracle\\Java\\javapath;C:\\Python313\\Scripts\\;C:\\Python313\\;C:\\Program Files (x86)\\Common Files\\Intel\\Shared Libraries\\redist\\intel64\\compiler;C:\\WINDOWS\\system32;C:\\WINDOWS;C:\\WINDOWS\\System32\\Wbem;C:\\WINDOWS\\System32\\WindowsPowerShell\\v1.0\\;C:\\WINDOWS\\System32\\OpenSSH\\;C:\\Program Files\\dotnet\\;C:\\ProgramData\\chocolatey\\bin;C:\\Program Files\\Microsoft SQL Server\\150\\Tools\\Binn\\;C:\\Program Files\\Microsoft SQL Server\\Client SDK\\ODBC\\170\\Tools\\Binn\\;C:\\xampp\\php;C:\\ProgramData\\ComposerSetup\\bin;C:\\Users\\HELLFRAMCO\\AppData\\Local\\nvm;C:\\nvm4w\\nodejs;C:\\Program Files\\MongoDB\\DatabaseTools\\bin;F:\\prgrams\\Git\\cmd;;C:\\Program Files (x86)\\BioSecurity\\MainResource\\postgresql\\bin;C:\\Users\\HELLFRAMCO\\AppData\\Local\\Microsoft\\WindowsApps;C:\\Users\\HELLFRAMCO\\AppData\\Local\\Programs\\Microsoft VS Code\\bin;C:\\Users\\HELLFRAMCO\\AppData\\Local\\Microsoft\\WinGet\\Packages\\Gyan.FFmpeg.Essentials_Microsoft.Winget.Source_8wekyb3d8bbwe\\ffmpeg-7.1-essentials_build\\bin;C:\\Users\\HELLFRAMCO\\.dotnet\\tools;C:\\Users\\HELLFRAMCO\\AppData\\Roaming\\Composer\\vendor\\bin;C:\\Users\\HELLFRAMCO\\AppData\\Roaming\\npm;C:\\Users\\HELLFRAMCO\\AppData\\Local\\nvm;C:\\nvm4w\\nodejs;C:\\Program Files\\Tesseract-OCR;'
    'SystemRoot' => 'C:\\WINDOWS'
    'COMSPEC' => 'C:\\WINDOWS\\system32\\cmd.exe'
    'PATHEXT' => '.COM;.EXE;.BAT;.CMD;.VBS;.VBE;.JS;.JSE;.WSF;.WSH;.MSC;.PY;.PYW'
    'WINDIR' => 'C:\\WINDOWS'
    'SERVER_SIGNATURE' => '<address>Apache/2.4.58 (Win64) OpenSSL/3.1.3 PHP/8.2.12 Server at localhost Port 80</address>
'
    'SERVER_SOFTWARE' => 'Apache/2.4.58 (Win64) OpenSSL/3.1.3 PHP/8.2.12'
    'SERVER_NAME' => 'localhost'
    'SERVER_ADDR' => '::1'
    'SERVER_PORT' => '80'
    'REMOTE_ADDR' => '::1'
    'DOCUMENT_ROOT' => 'C:/xampp/htdocs'
    'REQUEST_SCHEME' => 'http'
    'CONTEXT_PREFIX' => ''
    'CONTEXT_DOCUMENT_ROOT' => 'C:/xampp/htdocs'
    'SERVER_ADMIN' => 'postmaster@localhost'
    'SCRIPT_FILENAME' => 'C:/xampp/htdocs/skinatechprueba/yii2-api/web/index.php'
    'REMOTE_PORT' => '59892'
    'REDIRECT_URL' => '/skinatechprueba/yii2-api/web/login'
    'GATEWAY_INTERFACE' => 'CGI/1.1'
    'SERVER_PROTOCOL' => 'HTTP/1.1'
    'REQUEST_METHOD' => 'GET'
    'QUERY_STRING' => ''
    'REQUEST_URI' => '/skinatechprueba/yii2-api/web/login'
    'SCRIPT_NAME' => '/skinatechprueba/yii2-api/web/index.php'
    'PHP_SELF' => '/skinatechprueba/yii2-api/web/index.php'
    'REQUEST_TIME_FLOAT' => 1754571732.9119
    'REQUEST_TIME' => 1754571732
]
